<?xml version="1.0" encoding="UTF-8"?>
<!-- Generated by org.testng.reporters.JUnitXMLReporter -->
<testsuite ignored="0" hostname="DESKTOP-P6ALU3H" failures="1" tests="5" name="TestNg" time="0.126" errors="0" timestamp="2023-06-08T16:11:07 IST">
  <testcase classname="TestNG.TestDemo2" name="verifyReg" time="0.021"/>
  <testcase classname="TestNG.TestDemo2" name="verifyLoggin" time="0.002"/>
  <testcase classname="TestNG.TestDemo2" name="verifyLogout" time="0.005"/>
  <testcase classname="TestNG.Test1" name="verifyTitle" time="0.003"/>
  <testcase classname="TestNG.Test1" name="verifyUrl" time="0.006">
    <failure type="java.lang.AssertionError">
      <![CDATA[java.lang.AssertionError: 
at TestNG.Test1.verifyUrl(Test1.java:13)
at java.base/java.util.ArrayList.forEach(ArrayList.java:1511)
... Removed 27 stack frames]]>
    </failure>
  </testcase> <!-- verifyUrl -->
</testsuite> <!-- TestNg -->
