<?xml version="1.0" encoding="UTF-8"?>
<testng-results ignored="0" total="1" passed="1" failed="0" skipped="0">
  <reporter-output>
  </reporter-output>
  <suite started-at="2023-06-16T22:06:13 IST" name="Default suite" finished-at="2023-06-16T22:08:35 IST" duration-ms="141967">
    <groups>
    </groups>
    <test started-at="2023-06-16T22:06:13 IST" name="Default test" finished-at="2023-06-16T22:08:35 IST" duration-ms="141967">
      <class name="TestNG.filterElement.FilterElementUsingSearchDemo">
        <test-method signature="VeriySortedElements()[pri:0, instance:TestNG.filterElement.FilterElementUsingSearchDemo@72057ecf]" started-at="2023-06-16T22:06:13 IST" name="VeriySortedElements" finished-at="2023-06-16T22:08:35 IST" duration-ms="141904" status="PASS">
          <reporter-output>
          </reporter-output>
        </test-method> <!-- VeriySortedElements -->
      </class> <!-- TestNG.filterElement.FilterElementUsingSearchDemo -->
    </test> <!-- Default test -->
  </suite> <!-- Default suite -->
</testng-results>
